## htsjdk.samtools.metrics.StringHeader
# CollectInsertSizeMetrics HISTOGRAM_FILE=picard/CollectInsertSizeMetrics/07_FL299_i16.inserts.hist_graph.pdf HISTOGRAM_WIDTH=1000 INPUT=bowtie2/Filtering/07_FL299_i16.filt.srt.nodup.bam OUTPUT=picard/CollectInsertSizeMetrics/07_FL299_i16.inserts.hist_data.log STOP_AFTER=5000000 VERBOSITY=ERROR QUIET=true    DEVIATIONS=10.0 MINIMUM_PCT=0.05 METRIC_ACCUMULATION_LEVEL=[ALL_READS] INCLUDE_DUPLICATES=false ASSUME_SORTED=true VALIDATION_STRINGENCY=STRICT COMPRESSION_LEVEL=5 MAX_RECORDS_IN_RAM=500000 CREATE_INDEX=false CREATE_MD5_FILE=false GA4GH_CLIENT_SECRETS=client_secrets.json USE_JDK_DEFLATER=false USE_JDK_INFLATER=false
## htsjdk.samtools.metrics.StringHeader
# Started on: Thu Apr 30 15:59:05 KST 2020

## METRICS CLASS	picard.analysis.InsertSizeMetrics
MEDIAN_INSERT_SIZE	MODE_INSERT_SIZE	MEDIAN_ABSOLUTE_DEVIATION	MIN_INSERT_SIZE	MAX_INSERT_SIZE	MEAN_INSERT_SIZE	STANDARD_DEVIATION	READ_PAIRS	PAIR_ORIENTATION	WIDTH_OF_10_PERCENT	WIDTH_OF_20_PERCENT	WIDTH_OF_30_PERCENT	WIDTH_OF_40_PERCENT	WIDTH_OF_50_PERCENT	WIDTH_OF_60_PERCENT	WIDTH_OF_70_PERCENT	WIDTH_OF_80_PERCENT	WIDTH_OF_90_PERCENT	WIDTH_OF_95_PERCENT	WIDTH_OF_99_PERCENT	SAMPLE	LIBRARY	READ_GROUP
78	45	30	32	2000	103.808252	71.31026	2499999	FR	15	27	39	51	61	73	85	155	247	325	573			

## HISTOGRAM	java.lang.Integer
insert_size	All_Reads.fr_count
32	4
33	4
34	9
35	12618
36	21339
37	26319
38	27770
39	30083
40	36212
41	37384
42	37814
43	38098
44	39357
45	40001
46	39422
47	37515
48	36013
49	35371
50	36219
51	36382
52	34992
53	33579
54	32766
55	32623
56	32076
57	30793
58	29303
59	28543
60	27703
61	27174
62	26764
63	26007
64	26044
65	26118
66	25717
67	24791
68	24037
69	22921
70	22233
71	21876
72	21911
73	21104
74	20953
75	20753
76	20734
77	19888
78	19148
79	18609
80	17993
81	17275
82	17337
83	17117
84	17046
85	16751
86	16454
87	15817
88	15386
89	14598
90	14212
91	13559
92	13542
93	13563
94	13234
95	13108
96	13135
97	12703
98	12239
99	11595
100	11283
101	10917
102	10760
103	10611
104	10643
105	10600
106	10493
107	10232
108	9945
109	9399
110	9081
111	8820
112	8568
113	8627
114	8515
115	8334
116	8478
117	8306
118	8107
119	7896
120	7575
121	7146
122	7004
123	6899
124	6836
125	7080
126	6895
127	6758
128	6800
129	6438
130	6275
131	6129
132	5836
133	5618
134	5654
135	5679
136	5916
137	6299
138	6542
139	6327
140	5886
141	5616
142	5248
143	5003
144	4850
145	4890
146	5124
147	5357
148	6054
149	6881
150	8354
151	9982
152	9056
153	6564
154	5243
155	4668
156	4983
157	5098
158	5465
159	5870
160	5979
161	5842
162	5379
163	5113
164	5202
165	5404
166	5949
167	6355
168	6471
169	6440
170	6130
171	5932
172	5480
173	5509
174	5587
175	5695
176	6070
177	5989
178	5983
179	5884
180	5556
181	5391
182	5156
183	5186
184	5239
185	5172
186	5466
187	5491
188	5523
189	5579
190	5418
191	5162
192	5127
193	5054
194	5027
195	5064
196	4865
197	4881
198	4901
199	4717
200	4769
201	4670
202	4429
203	4492
204	4468
205	4462
206	4440
207	4273
208	4144
209	3966
210	3840
211	3783
212	3724
213	3694
214	3718
215	3587
216	3610
217	3432
218	3363
219	3282
220	3047
221	3038
222	3063
223	2949
224	2831
225	2829
226	2695
227	2605
228	2568
229	2530
230	2460
231	2379
232	2214
233	2325
234	2226
235	2194
236	2084
237	2033
238	1949
239	1898
240	1893
241	1837
242	1795
243	1808
244	1833
245	1651
246	1658
247	1674
248	1556
249	1526
250	1423
251	1461
252	1351
253	1381
254	1299
255	1348
256	1379
257	1318
258	1273
259	1215
260	1219
261	1188
262	1143
263	1111
264	1079
265	1071
266	1021
267	1041
268	974
269	988
270	1051
271	1002
272	984
273	951
274	963
275	948
276	908
277	905
278	881
279	863
280	855
281	828
282	828
283	846
284	869
285	819
286	789
287	727
288	784
289	836
290	742
291	797
292	767
293	670
294	720
295	693
296	669
297	669
298	707
299	734
300	661
301	760
302	684
303	688
304	597
305	628
306	631
307	641
308	645
309	634
310	670
311	626
312	682
313	645
314	630
315	610
316	547
317	608
318	624
319	581
320	616
321	610
322	627
323	558
324	546
325	564
326	596
327	514
328	507
329	564
330	569
331	546
332	544
333	520
334	542
335	550
336	498
337	506
338	485
339	479
340	479
341	490
342	500
343	514
344	512
345	450
346	470
347	511
348	455
349	453
350	452
351	465
352	479
353	452
354	445
355	441
356	422
357	431
358	420
359	408
360	431
361	438
362	395
363	433
364	400
365	435
366	422
367	426
368	404
369	409
370	392
371	391
372	361
373	380
374	391
375	373
376	355
377	387
378	351
379	339
380	342
381	340
382	343
383	326
384	332
385	321
386	293
387	302
388	318
389	305
390	314
391	265
392	261
393	281
394	280
395	252
396	260
397	263
398	234
399	245
400	243
401	262
402	280
403	254
404	218
405	208
406	206
407	169
408	183
409	215
410	200
411	173
412	174
413	196
414	166
415	172
416	154
417	171
418	157
419	169
420	158
421	153
422	141
423	119
424	146
425	140
426	136
427	121
428	120
429	127
430	112
431	109
432	137
433	91
434	119
435	98
436	120
437	116
438	90
439	88
440	85
441	83
442	102
443	100
444	99
445	87
446	71
447	80
448	73
449	87
450	77
451	74
452	80
453	68
454	71
455	69
456	83
457	68
458	76
459	60
460	60
461	62
462	71
463	54
464	63
465	59
466	59
467	56
468	54
469	46
470	60
471	53
472	54
473	52
474	52
475	67
476	48
477	41
478	50
479	55
480	47
481	45
482	46
483	40
484	48
485	46
486	39
487	40
488	44
489	32
490	35
491	41
492	30
493	37
494	41
495	42
496	44
497	46
498	28
499	42
500	31
501	46
502	39
503	33
504	34
505	24
506	41
507	23
508	30
509	25
510	22
511	35
512	16
513	35
514	27
515	25
516	37
517	18
518	27
519	34
520	23
521	19
522	12
523	21
524	27
525	26
526	25
527	27
528	22
529	35
530	19
531	23
532	16
533	20
534	19
535	22
536	26
537	15
538	20
539	18
540	17
541	17
542	23
543	21
544	18
545	23
546	13
547	23
548	17
549	15
550	16
551	14
552	8
553	20
554	13
555	22
556	12
557	15
558	9
559	15
560	11
561	9
562	14
563	11
564	11
565	18
566	7
567	12
568	17
569	5
570	7
571	10
572	13
573	9
574	8
575	13
576	11
577	11
578	9
579	9
580	12
581	6
582	11
583	4
584	15
585	9
586	9
587	5
588	6
589	11
590	5
591	9
592	11
593	2
594	9
595	4
596	5
597	4
598	7
599	4
600	6
601	2
602	8
603	5
604	4
605	3
606	7
607	9
608	5
609	2
610	9
611	5
612	8
613	4
614	2
615	6
616	4
617	4
618	6
619	3
620	4
621	4
622	5
623	3
624	5
625	2
626	4
627	4
628	8
629	3
630	2
631	4
632	4
633	2
634	6
635	4
636	3
637	2
638	4
640	3
641	3
642	2
643	4
645	5
646	3
647	2
648	3
649	3
650	3
651	6
652	2
653	2
654	1
655	4
656	2
657	1
658	3
659	5
660	3
661	3
662	2
663	3
664	5
665	6
666	4
667	1
668	2
669	5
670	2
671	3
672	3
673	2
674	2
676	1
677	1
678	2
679	1
680	1
681	2
682	1
683	2
684	1
685	3
686	1
687	1
688	1
689	4
690	1
691	2
692	3
694	1
695	2
696	5
698	1
701	1
702	3
703	1
704	2
705	1
706	1
707	2
708	3
709	1
710	1
711	4
712	1
713	2
714	1
716	2
717	1
718	2
719	1
720	2
721	3
723	2
724	1
726	4
727	1
728	2
729	2
730	3
731	2
732	1
734	5
735	1
736	1
737	3
739	1
740	1
741	1
742	1
743	1
744	3
747	1
748	4
749	1
751	1
753	1
754	2
756	2
758	1
759	2
760	1
761	3
762	1
763	3
764	1
765	1
766	3
767	1
768	2
769	2
771	1
773	1
776	1
777	1
779	1
780	1
781	5
784	1
785	1
786	2
788	1
790	1
791	1
792	1
794	3
796	1
798	1
799	2
800	2
802	2
805	3
807	2
808	1
809	1
810	3
811	3
813	2
814	2
815	1
816	1
817	1
819	2
820	1
821	1
823	2
825	1
826	2
828	1
829	2
830	1
833	2
834	1
838	2
839	2
840	3
841	2
843	2
844	1
845	2
846	1
847	2
850	3
852	3
853	2
854	2
855	2
856	2
857	3
858	3
860	1
862	2
864	1
865	2
867	1
868	1
871	1
872	1
874	1
875	1
876	2
877	1
878	2
879	2
882	3
883	3
884	3
885	2
886	2
887	1
889	2
890	1
897	2
898	3
900	1
902	1
903	1
906	1
907	1
908	2
910	1
912	2
913	1
914	1
917	2
920	3
921	3
924	2
925	3
927	1
928	1
929	1
930	1
931	1
932	2
933	1
935	1
937	3
938	1
941	2
943	2
944	3
945	1
946	1
947	1
949	2
950	2
952	1
954	2
955	1
956	2
957	1
959	1
964	1
966	1
971	1
972	1
973	1
975	1
977	1
978	2
981	1
983	2
985	2
986	2
988	1
990	1
992	2
994	1
996	1
997	1
998	1
1000	2

