## htsjdk.samtools.metrics.StringHeader
# CollectInsertSizeMetrics HISTOGRAM_FILE=picard/CollectInsertSizeMetrics/17_FL301_i2.inserts.hist_graph.pdf HISTOGRAM_WIDTH=1000 INPUT=bowtie2/Filtering/17_FL301_i2.filt.srt.nodup.bam OUTPUT=picard/CollectInsertSizeMetrics/17_FL301_i2.inserts.hist_data.log STOP_AFTER=5000000 VERBOSITY=ERROR QUIET=true    DEVIATIONS=10.0 MINIMUM_PCT=0.05 METRIC_ACCUMULATION_LEVEL=[ALL_READS] INCLUDE_DUPLICATES=false ASSUME_SORTED=true VALIDATION_STRINGENCY=STRICT COMPRESSION_LEVEL=5 MAX_RECORDS_IN_RAM=500000 CREATE_INDEX=false CREATE_MD5_FILE=false GA4GH_CLIENT_SECRETS=client_secrets.json USE_JDK_DEFLATER=false USE_JDK_INFLATER=false
## htsjdk.samtools.metrics.StringHeader
# Started on: Thu Apr 30 16:02:00 KST 2020

## METRICS CLASS	picard.analysis.InsertSizeMetrics
MEDIAN_INSERT_SIZE	MODE_INSERT_SIZE	MEDIAN_ABSOLUTE_DEVIATION	MIN_INSERT_SIZE	MAX_INSERT_SIZE	MEAN_INSERT_SIZE	STANDARD_DEVIATION	READ_PAIRS	PAIR_ORIENTATION	WIDTH_OF_10_PERCENT	WIDTH_OF_20_PERCENT	WIDTH_OF_30_PERCENT	WIDTH_OF_40_PERCENT	WIDTH_OF_50_PERCENT	WIDTH_OF_60_PERCENT	WIDTH_OF_70_PERCENT	WIDTH_OF_80_PERCENT	WIDTH_OF_90_PERCENT	WIDTH_OF_95_PERCENT	WIDTH_OF_99_PERCENT	SAMPLE	LIBRARY	READ_GROUP
69	41	23	31	2000	92.934658	65.695559	2500000	FR	11	21	29	39	47	55	65	117	227	303	569			

## HISTOGRAM	java.lang.Integer
insert_size	All_Reads.fr_count
31	1
32	7
33	7
34	15
35	12234
36	22923
37	30088
38	29666
39	32277
40	45714
41	47529
42	46233
43	44925
44	45933
45	46804
46	46223
47	45568
48	43678
49	42553
50	44937
51	46055
52	43501
53	39638
54	37659
55	37092
56	36143
57	35504
58	34355
59	33585
60	32389
61	31996
62	30819
63	28917
64	27942
65	27965
66	27891
67	27059
68	25907
69	25565
70	24733
71	23906
72	23153
73	22469
74	22077
75	21632
76	21466
77	20654
78	20108
79	19511
80	19068
81	18464
82	17951
83	17473
84	17111
85	16687
86	16519
87	16011
88	15461
89	15037
90	14201
91	14009
92	13731
93	13203
94	13085
95	12726
96	12546
97	12135
98	11652
99	11200
100	10787
101	10660
102	10165
103	10076
104	9784
105	9810
106	9646
107	9563
108	9053
109	8868
110	8579
111	8281
112	7884
113	7867
114	7690
115	7688
116	7614
117	7311
118	7186
119	7013
120	6782
121	6666
122	6317
123	6084
124	6112
125	5999
126	5956
127	5872
128	5771
129	5571
130	5401
131	5169
132	5057
133	4889
134	4842
135	4820
136	4906
137	5236
138	5193
139	5053
140	4872
141	4703
142	4468
143	4039
144	4029
145	3997
146	4029
147	4250
148	4713
149	5148
150	6170
151	7351
152	7005
153	4967
154	3978
155	3804
156	3760
157	3889
158	4085
159	4296
160	4325
161	4205
162	4072
163	3854
164	3764
165	4030
166	4382
167	4683
168	4864
169	4668
170	4393
171	4150
172	4053
173	4015
174	4133
175	4477
176	4438
177	4612
178	4490
179	4235
180	4106
181	3894
182	3852
183	3641
184	3872
185	3895
186	4009
187	3966
188	3995
189	3838
190	3795
191	3885
192	3692
193	3501
194	3596
195	3625
196	3594
197	3450
198	3537
199	3339
200	3307
201	3237
202	3206
203	3136
204	3109
205	3148
206	3130
207	2948
208	2858
209	2736
210	2795
211	2700
212	2623
213	2559
214	2630
215	2577
216	2461
217	2440
218	2346
219	2307
220	2170
221	2055
222	2068
223	2019
224	2086
225	1947
226	1946
227	1887
228	1884
229	1722
230	1673
231	1669
232	1592
233	1555
234	1510
235	1576
236	1472
237	1494
238	1404
239	1363
240	1326
241	1288
242	1231
243	1176
244	1221
245	1200
246	1048
247	1174
248	1109
249	1083
250	1048
251	991
252	967
253	907
254	935
255	924
256	895
257	833
258	826
259	819
260	814
261	852
262	795
263	751
264	788
265	740
266	725
267	706
268	702
269	702
270	635
271	638
272	661
273	624
274	603
275	599
276	643
277	576
278	581
279	595
280	619
281	584
282	550
283	560
284	508
285	558
286	511
287	539
288	516
289	505
290	514
291	534
292	522
293	489
294	543
295	501
296	461
297	426
298	498
299	484
300	486
301	481
302	486
303	468
304	441
305	466
306	442
307	458
308	478
309	456
310	434
311	463
312	467
313	436
314	430
315	415
316	418
317	405
318	424
319	419
320	420
321	398
322	398
323	436
324	367
325	379
326	348
327	392
328	417
329	394
330	394
331	389
332	344
333	375
334	359
335	378
336	376
337	390
338	356
339	372
340	361
341	369
342	351
343	358
344	341
345	326
346	365
347	353
348	345
349	366
350	371
351	339
352	369
353	331
354	348
355	303
356	337
357	343
358	331
359	327
360	295
361	286
362	311
363	301
364	297
365	314
366	280
367	330
368	289
369	265
370	300
371	256
372	261
373	269
374	246
375	262
376	283
377	281
378	290
379	253
380	252
381	239
382	272
383	231
384	248
385	256
386	262
387	224
388	234
389	237
390	209
391	212
392	213
393	239
394	198
395	189
396	185
397	209
398	202
399	185
400	191
401	169
402	155
403	196
404	168
405	142
406	194
407	175
408	155
409	150
410	162
411	164
412	146
413	160
414	152
415	125
416	137
417	124
418	137
419	131
420	147
421	151
422	119
423	111
424	122
425	106
426	109
427	118
428	124
429	94
430	91
431	97
432	103
433	84
434	80
435	89
436	90
437	91
438	83
439	75
440	100
441	83
442	78
443	101
444	62
445	79
446	60
447	66
448	70
449	56
450	68
451	70
452	48
453	66
454	69
455	63
456	69
457	75
458	54
459	54
460	62
461	67
462	61
463	64
464	57
465	61
466	52
467	51
468	49
469	47
470	58
471	46
472	57
473	56
474	49
475	40
476	52
477	51
478	52
479	51
480	41
481	48
482	33
483	35
484	40
485	47
486	58
487	55
488	40
489	52
490	43
491	48
492	41
493	41
494	40
495	35
496	43
497	50
498	48
499	35
500	44
501	45
502	33
503	32
504	32
505	25
506	34
507	27
508	37
509	40
510	36
511	30
512	34
513	34
514	41
515	27
516	26
517	33
518	28
519	30
520	26
521	28
522	16
523	25
524	30
525	35
526	31
527	22
528	18
529	31
530	24
531	21
532	26
533	15
534	17
535	24
536	34
537	20
538	20
539	21
540	29
541	25
542	21
543	30
544	20
545	23
546	20
547	24
548	21
549	30
550	19
551	19
552	14
553	23
554	27
555	19
556	17
557	23
558	10
559	27
560	14
561	21
562	15
563	17
564	15
565	14
566	8
567	13
568	13
569	8
570	17
571	14
572	17
573	12
574	14
575	11
576	7
577	16
578	10
579	11
580	9
581	18
582	14
583	19
584	5
585	15
586	8
587	10
588	9
589	5
590	14
591	11
592	13
593	11
594	8
595	13
596	7
597	6
598	10
599	4
600	10
601	5
602	5
603	16
604	11
605	10
606	6
607	11
608	12
609	5
610	3
611	9
612	9
613	4
614	10
615	13
616	7
617	2
618	4
619	6
620	3
621	3
622	6
623	9
624	4
625	5
626	6
627	6
628	2
629	6
630	2
631	6
632	7
633	8
634	1
635	5
636	2
637	5
638	3
639	4
640	3
641	3
642	8
643	4
644	2
645	4
646	8
647	7
648	4
649	7
650	3
651	8
652	8
653	3
654	5
655	5
656	3
657	2
658	4
659	1
660	2
661	5
662	2
663	5
664	4
665	1
666	3
667	3
668	5
669	5
670	1
671	5
672	4
673	4
674	2
676	2
677	4
678	5
680	2
683	4
684	2
685	2
686	1
687	5
688	4
689	2
690	3
691	2
692	2
693	5
694	1
695	2
696	1
697	2
698	2
700	2
701	2
702	3
703	4
704	2
705	3
706	5
707	1
708	6
709	3
710	3
713	2
714	2
715	1
717	3
718	5
719	3
720	5
721	1
722	2
723	2
724	2
726	3
728	2
729	2
731	2
734	2
737	1
738	2
739	3
741	2
742	2
743	4
745	3
747	1
748	4
749	5
750	1
751	1
752	1
753	1
755	1
756	1
757	3
758	1
759	1
760	1
761	1
763	1
764	1
765	2
766	1
767	2
768	1
769	5
771	2
772	4
773	1
775	2
776	2
777	1
779	2
782	1
783	3
784	1
785	2
786	2
787	1
789	2
790	2
792	1
794	3
795	2
796	2
797	4
798	1
800	2
801	5
803	2
804	2
805	1
806	1
807	1
808	3
809	3
814	1
816	2
817	1
818	2
819	1
820	3
822	1
824	1
825	1
826	1
827	3
828	1
829	1
830	1
831	1
832	2
833	3
834	3
835	2
837	1
838	2
840	2
841	1
842	3
843	2
844	1
845	1
846	2
852	2
854	2
855	2
856	2
859	1
860	1
861	3
862	3
863	1
864	2
867	2
868	3
869	3
870	1
871	2
872	1
873	4
876	1
877	3
878	3
879	3
880	2
881	1
883	2
884	2
885	4
887	3
888	1
889	1
890	3
891	3
892	2
893	1
894	4
896	2
897	2
898	3
900	1
901	1
902	3
903	1
904	2
905	1
907	4
908	2
909	2
912	1
913	2
915	1
916	1
917	3
920	1
921	1
922	1
923	1
924	2
925	2
927	2
928	1
929	3
932	1
933	1
934	3
935	3
936	1
937	1
938	1
939	3
941	5
942	3
943	2
944	2
945	1
946	2
947	3
948	2
949	1
951	2
953	2
954	1
955	1
956	2
957	1
960	3
963	1
966	3
968	3
969	1
971	3
973	1
974	5
975	3
976	1
977	1
978	2
979	3
980	2
981	3
982	1
983	2
984	1
986	1
989	3
990	3
991	2
992	1
994	2
995	1
997	3
998	1
999	1
1000	1

